[debug] [2023-10-27T17:06:00.332Z] ----------------------------------------------------------------------
[debug] [2023-10-27T17:06:00.335Z] Command:       /usr/local/bin/node /home/eric/.npm-global/bin/firebase init
[debug] [2023-10-27T17:06:00.336Z] CLI Version:   12.7.0
[debug] [2023-10-27T17:06:00.336Z] Platform:      linux
[debug] [2023-10-27T17:06:00.337Z] Node Version:  v18.17.1
[debug] [2023-10-27T17:06:00.338Z] Time:          Fri Oct 27 2023 13:06:00 GMT-0400 (Eastern Daylight Time)
[debug] [2023-10-27T17:06:00.338Z] ----------------------------------------------------------------------
[debug] 
[debug] [2023-10-27T17:06:00.347Z] > command requires scopes: ["email","openid","https://www.googleapis.com/auth/cloudplatformprojects.readonly","https://www.googleapis.com/auth/firebase","https://www.googleapis.com/auth/cloud-platform"]
[debug] [2023-10-27T17:06:00.348Z] > authorizing via signed-in user (ruffyreborn@gmail.com)
[info] 
     ######## #### ########  ######## ########     ###     ######  ########
     ##        ##  ##     ## ##       ##     ##  ##   ##  ##       ##
     ######    ##  ########  ######   ########  #########  ######  ######
     ##        ##  ##    ##  ##       ##     ## ##     ##       ## ##
     ##       #### ##     ## ######## ########  ##     ##  ######  ########

You're about to initialize a Firebase project in this directory:

  /home/eric/Development/Frances/for-frances

[info] 
=== Project Setup
[info] 
[info] First, let's associate this project directory with a Firebase project.
[info] You can create multiple project aliases by running firebase use --add, 
[info] but for now we'll just set up a default project.
[info] 
[debug] [2023-10-27T17:06:16.175Z] >>> [apiv2][query] GET https://firebase.googleapis.com/v1beta1/projects pageSize=100
[debug] [2023-10-27T17:06:16.836Z] <<< [apiv2][status] GET https://firebase.googleapis.com/v1beta1/projects 200
[debug] [2023-10-27T17:06:16.837Z] <<< [apiv2][body] GET https://firebase.googleapis.com/v1beta1/projects [omitted]
[info] i  Using project nobletts-septic (Nobletts Septic) 
[info] 
=== Hosting Setup
[info] 
[info] Your public directory is the folder (relative to your project directory) that
[info] will contain Hosting assets to be uploaded with firebase deploy. If you
[info] have a build process for your assets, use your build's output directory.
[info] 
[debug] [2023-10-27T17:06:43.613Z] >>> [apiv2][query] GET https://www.gstatic.com/firebasejs/releases.json [none]
[debug] [2023-10-27T17:06:43.967Z] <<< [apiv2][status] GET https://www.gstatic.com/firebasejs/releases.json 200
[debug] [2023-10-27T17:06:43.968Z] <<< [apiv2][body] GET https://www.gstatic.com/firebasejs/releases.json {"current":{"version":"10.5.2","browserURL":"https://www.gstatic.com/firebasejs/10.5.2/firebase.js","packageURL":"https://www.gstatic.com/firebasejs/10.5.2/firebase.tgz"},"live":{"version":"10.5","browserURL":"https://www.gstatic.com/firebasejs/live/10.5/firebase.js","packageURL":"https://www.gstatic.com/firebasejs/live/10.5/firebase.tgz"},"components":{"analytics":"https://www.gstatic.com/firebasejs/10.5.2/firebase-analytics.js","app":"https://www.gstatic.com/firebasejs/10.5.2/firebase-app.js","app-check":"https://www.gstatic.com/firebasejs/10.5.2/firebase-app-check.js","auth":"https://www.gstatic.com/firebasejs/10.5.2/firebase-auth.js","auth/cordova":"https://www.gstatic.com/firebasejs/10.5.2/firebase-auth/cordova.js","functions":"https://www.gstatic.com/firebasejs/10.5.2/firebase-functions.js","firestore":"https://www.gstatic.com/firebasejs/10.5.2/firebase-firestore.js","firestore/lite":"https://www.gstatic.com/firebasejs/10.5.2/firebase-firestore/lite.js","installations":"https://www.gstatic.com/firebasejs/10.5.2/firebase-installations.js","storage":"https://www.gstatic.com/firebasejs/10.5.2/firebase-storage.js","performance":"https://www.gstatic.com/firebasejs/10.5.2/firebase-performance.js","remote-config":"https://www.gstatic.com/firebasejs/10.5.2/firebase-remote-config.js","messaging":"https://www.gstatic.com/firebasejs/10.5.2/firebase-messaging.js","messaging/sw":"https://www.gstatic.com/firebasejs/10.5.2/firebase-messaging/sw.js","database":"https://www.gstatic.com/firebasejs/10.5.2/firebase-database.js","firestore.memory":"https://www.gstatic.com/firebasejs/10.5.2/firebase-firestore.memory.js"}}
[info] i  Skipping write of public/index.html 
[info] 
[info] i  Detected a .git folder at /home/eric/Development/Frances/for-frances 
[info] i  Authorizing with GitHub to upload your service account to a GitHub repository's secrets store. 
[info] 
[info] Visit this URL on this device to log in:
[info] https://github.com/login/oauth/authorize?client_id=89cf50f02ac6aaed3484&state=12637172&redirect_uri=http%3A%2F%2Flocalhost%3A9005&scope=read%3Auser%20repo%20public_repo
[info] 
[info] Waiting for authentication...
